0 info it worked if it ends with ok
1 verbose cli [ 'node', '/usr/local/opt/nvm/v0.10.24/bin/npm', 'start' ]
2 info using npm@2.1.9
3 info using node@v0.10.24
4 verbose node symlink /usr/local/opt/nvm/v0.10.24/bin/node
5 verbose stack Error: Failed to parse json
5 verbose stack Unexpected token }
5 verbose stack     at parseError (/usr/local/Cellar/nvm/0.17.3/v0.10.24/lib/node_modules/npm/node_modules/read-package-json/read-json.js:378:25)
5 verbose stack     at parseJson (/usr/local/Cellar/nvm/0.17.3/v0.10.24/lib/node_modules/npm/node_modules/read-package-json/read-json.js:85:51)
5 verbose stack     at /usr/local/Cellar/nvm/0.17.3/v0.10.24/lib/node_modules/npm/node_modules/read-package-json/read-json.js:59:33
5 verbose stack     at evalmachine.<anonymous>:266:14
5 verbose stack     at /usr/local/Cellar/nvm/0.17.3/v0.10.24/lib/node_modules/npm/node_modules/graceful-fs/graceful-fs.js:102:5
5 verbose stack     at Object.oncomplete (evalmachine.<anonymous>:107:15)
6 verbose cwd /Users/nadeesha/gordon
7 error Darwin 14.0.0
8 error argv "node" "/usr/local/opt/nvm/v0.10.24/bin/npm" "start"
9 error node v0.10.24
10 error npm  v2.1.9
11 error file /Users/nadeesha/gordon/package.json
12 error code EJSONPARSE
13 error Failed to parse json
13 error Unexpected token }
14 error File: /Users/nadeesha/gordon/package.json
15 error Failed to parse package.json data.
15 error package.json must be actual JSON, not just JavaScript.
15 error
15 error This is not a bug in npm.
15 error Tell the package author to fix their package.json file. JSON.parse
16 verbose exit [ 1, true ]
